[2023-03-29 19:17:29.224] [INFO ] [main] com.springboot.api.ApiApplication Starting ApiApplication using Java 11.0.17 on KPC-012 with PID 12116 (C:\Users\HighTech\Desktop\chapter5_api\target\classes started by HighTech in C:\Users\HighTech\Desktop\chapter5_api)
[2023-03-29 19:17:29.226] [INFO ] [main] com.springboot.api.ApiApplication No active profile set, falling back to default profiles: default
[2023-03-29 19:17:29.999] [INFO ] [main] org.springframework.boot.web.embedded.tomcat.TomcatWebServer Tomcat initialized with port(s): 8080 (http)
[2023-03-29 19:17:30.006] [INFO ] [main] org.apache.coyote.http11.Http11NioProtocol Initializing ProtocolHandler ["http-nio-8080"]
[2023-03-29 19:17:30.006] [INFO ] [main] org.apache.catalina.core.StandardService Starting service [Tomcat]
[2023-03-29 19:17:30.007] [INFO ] [main] org.apache.catalina.core.StandardEngine Starting Servlet engine: [Apache Tomcat/9.0.54]
[2023-03-29 19:17:30.049] [INFO ] [main] org.apache.catalina.core.ContainerBase.[Tomcat].[localhost].[/] Initializing Spring embedded WebApplicationContext
[2023-03-29 19:17:30.050] [INFO ] [main] org.springframework.boot.web.servlet.context.ServletWebServerApplicationContext Root WebApplicationContext: initialization completed in 793 ms
[2023-03-29 19:17:30.311] [INFO ] [main] springfox.documentation.spring.web.PropertySourcedRequestMappingHandlerMapping Mapped URL path [/v2/api-docs] onto method [springfox.documentation.swagger2.web.Swagger2Controller#getDocumentation(String, HttpServletRequest)]
[2023-03-29 19:17:30.454] [INFO ] [main] org.apache.coyote.http11.Http11NioProtocol Starting ProtocolHandler ["http-nio-8080"]
[2023-03-29 19:17:30.465] [INFO ] [main] org.springframework.boot.web.embedded.tomcat.TomcatWebServer Tomcat started on port(s): 8080 (http) with context path ''
[2023-03-29 19:17:30.466] [INFO ] [main] springfox.documentation.spring.web.plugins.DocumentationPluginsBootstrapper Context refreshed
[2023-03-29 19:17:30.475] [INFO ] [main] springfox.documentation.spring.web.plugins.DocumentationPluginsBootstrapper Found 1 custom documentation plugin(s)
[2023-03-29 19:17:30.489] [INFO ] [main] springfox.documentation.spring.web.scanners.ApiListingReferenceScanner Scanning for api listing references
[2023-03-29 19:17:30.601] [INFO ] [main] com.springboot.api.ApiApplication Started ApiApplication in 1.675 seconds (JVM running for 2.509)
[2023-03-29 19:19:50.549] [INFO ] [http-nio-8080-exec-1] org.apache.catalina.core.ContainerBase.[Tomcat].[localhost].[/] Initializing Spring DispatcherServlet 'dispatcherServlet'
[2023-03-29 19:19:50.550] [INFO ] [http-nio-8080-exec-1] org.springframework.web.servlet.DispatcherServlet Initializing Servlet 'dispatcherServlet'
[2023-03-29 19:19:50.551] [INFO ] [http-nio-8080-exec-1] org.springframework.web.servlet.DispatcherServlet Completed initialization in 1 ms
[2023-03-29 19:21:47.346] [INFO ] [main] com.springboot.api.ApiApplication Starting ApiApplication using Java 11.0.17 on KPC-012 with PID 6280 (C:\Users\HighTech\Desktop\chapter5_api\target\classes started by HighTech in C:\Users\HighTech\Desktop\chapter5_api)
[2023-03-29 19:21:47.348] [INFO ] [main] com.springboot.api.ApiApplication No active profile set, falling back to default profiles: default
[2023-03-29 19:21:48.009] [INFO ] [main] org.springframework.boot.web.embedded.tomcat.TomcatWebServer Tomcat initialized with port(s): 8080 (http)
[2023-03-29 19:21:48.014] [INFO ] [main] org.apache.coyote.http11.Http11NioProtocol Initializing ProtocolHandler ["http-nio-8080"]
[2023-03-29 19:21:48.015] [INFO ] [main] org.apache.catalina.core.StandardService Starting service [Tomcat]
[2023-03-29 19:21:48.015] [INFO ] [main] org.apache.catalina.core.StandardEngine Starting Servlet engine: [Apache Tomcat/9.0.54]
[2023-03-29 19:21:48.049] [INFO ] [main] org.apache.catalina.core.ContainerBase.[Tomcat].[localhost].[/] Initializing Spring embedded WebApplicationContext
[2023-03-29 19:21:48.049] [INFO ] [main] org.springframework.boot.web.servlet.context.ServletWebServerApplicationContext Root WebApplicationContext: initialization completed in 673 ms
[2023-03-29 19:21:48.268] [INFO ] [main] springfox.documentation.spring.web.PropertySourcedRequestMappingHandlerMapping Mapped URL path [/v2/api-docs] onto method [springfox.documentation.swagger2.web.Swagger2Controller#getDocumentation(String, HttpServletRequest)]
[2023-03-29 19:21:48.370] [INFO ] [main] org.apache.coyote.http11.Http11NioProtocol Starting ProtocolHandler ["http-nio-8080"]
[2023-03-29 19:21:48.379] [INFO ] [main] org.springframework.boot.web.embedded.tomcat.TomcatWebServer Tomcat started on port(s): 8080 (http) with context path ''
[2023-03-29 19:21:48.380] [INFO ] [main] springfox.documentation.spring.web.plugins.DocumentationPluginsBootstrapper Context refreshed
[2023-03-29 19:21:48.387] [INFO ] [main] springfox.documentation.spring.web.plugins.DocumentationPluginsBootstrapper Found 1 custom documentation plugin(s)
[2023-03-29 19:21:48.400] [INFO ] [main] springfox.documentation.spring.web.scanners.ApiListingReferenceScanner Scanning for api listing references
[2023-03-29 19:21:48.495] [INFO ] [main] com.springboot.api.ApiApplication Started ApiApplication in 1.451 seconds (JVM running for 1.858)
[2023-03-29 19:24:02.029] [INFO ] [http-nio-8080-exec-1] org.apache.catalina.core.ContainerBase.[Tomcat].[localhost].[/] Initializing Spring DispatcherServlet 'dispatcherServlet'
[2023-03-29 19:24:02.030] [INFO ] [http-nio-8080-exec-1] org.springframework.web.servlet.DispatcherServlet Initializing Servlet 'dispatcherServlet'
[2023-03-29 19:24:02.031] [INFO ] [http-nio-8080-exec-1] org.springframework.web.servlet.DispatcherServlet Completed initialization in 1 ms
[2023-03-29 19:24:02.044] [WARN ] [http-nio-8080-exec-1] org.springframework.web.servlet.mvc.support.DefaultHandlerExceptionResolver Resolved [org.springframework.web.HttpRequestMethodNotSupportedException: Request method 'GET' not supported]
[2023-03-29 19:24:26.928] [INFO ] [main] com.springboot.api.ApiApplication Starting ApiApplication using Java 11.0.17 on KPC-012 with PID 12988 (C:\Users\HighTech\Desktop\chapter5_api\target\classes started by HighTech in C:\Users\HighTech\Desktop\chapter5_api)
[2023-03-29 19:24:26.930] [INFO ] [main] com.springboot.api.ApiApplication No active profile set, falling back to default profiles: default
[2023-03-29 19:24:27.500] [INFO ] [main] org.springframework.boot.web.embedded.tomcat.TomcatWebServer Tomcat initialized with port(s): 8080 (http)
[2023-03-29 19:24:27.507] [INFO ] [main] org.apache.coyote.http11.Http11NioProtocol Initializing ProtocolHandler ["http-nio-8080"]
[2023-03-29 19:24:27.507] [INFO ] [main] org.apache.catalina.core.StandardService Starting service [Tomcat]
[2023-03-29 19:24:27.507] [INFO ] [main] org.apache.catalina.core.StandardEngine Starting Servlet engine: [Apache Tomcat/9.0.54]
[2023-03-29 19:24:27.543] [INFO ] [main] org.apache.catalina.core.ContainerBase.[Tomcat].[localhost].[/] Initializing Spring embedded WebApplicationContext
[2023-03-29 19:24:27.544] [INFO ] [main] org.springframework.boot.web.servlet.context.ServletWebServerApplicationContext Root WebApplicationContext: initialization completed in 588 ms
[2023-03-29 19:24:27.737] [INFO ] [main] springfox.documentation.spring.web.PropertySourcedRequestMappingHandlerMapping Mapped URL path [/v2/api-docs] onto method [springfox.documentation.swagger2.web.Swagger2Controller#getDocumentation(String, HttpServletRequest)]
[2023-03-29 19:24:27.848] [INFO ] [main] org.apache.coyote.http11.Http11NioProtocol Starting ProtocolHandler ["http-nio-8080"]
[2023-03-29 19:24:27.858] [INFO ] [main] org.springframework.boot.web.embedded.tomcat.TomcatWebServer Tomcat started on port(s): 8080 (http) with context path ''
[2023-03-29 19:24:27.859] [INFO ] [main] springfox.documentation.spring.web.plugins.DocumentationPluginsBootstrapper Context refreshed
[2023-03-29 19:24:27.870] [INFO ] [main] springfox.documentation.spring.web.plugins.DocumentationPluginsBootstrapper Found 1 custom documentation plugin(s)
[2023-03-29 19:24:27.888] [INFO ] [main] springfox.documentation.spring.web.scanners.ApiListingReferenceScanner Scanning for api listing references
[2023-03-29 19:24:28.042] [INFO ] [main] com.springboot.api.ApiApplication Started ApiApplication in 1.386 seconds (JVM running for 1.81)
[2023-03-29 19:34:06.767] [INFO ] [http-nio-8080-exec-1] org.apache.catalina.core.ContainerBase.[Tomcat].[localhost].[/] Initializing Spring DispatcherServlet 'dispatcherServlet'
[2023-03-29 19:34:06.768] [INFO ] [http-nio-8080-exec-1] org.springframework.web.servlet.DispatcherServlet Initializing Servlet 'dispatcherServlet'
[2023-03-29 19:34:06.769] [INFO ] [http-nio-8080-exec-1] org.springframework.web.servlet.DispatcherServlet Completed initialization in 1 ms
[2023-03-29 19:43:37.160] [INFO ] [main] com.springboot.api.ApiApplication Starting ApiApplication using Java 11.0.17 on KPC-012 with PID 3416 (C:\Users\HighTech\Desktop\chapter5_api\target\classes started by HighTech in C:\Users\HighTech\Desktop\chapter5_api)
[2023-03-29 19:43:37.162] [INFO ] [main] com.springboot.api.ApiApplication No active profile set, falling back to default profiles: default
[2023-03-29 19:43:37.879] [INFO ] [main] org.springframework.boot.web.embedded.tomcat.TomcatWebServer Tomcat initialized with port(s): 8080 (http)
[2023-03-29 19:43:37.884] [INFO ] [main] org.apache.coyote.http11.Http11NioProtocol Initializing ProtocolHandler ["http-nio-8080"]
[2023-03-29 19:43:37.885] [INFO ] [main] org.apache.catalina.core.StandardService Starting service [Tomcat]
[2023-03-29 19:43:37.885] [INFO ] [main] org.apache.catalina.core.StandardEngine Starting Servlet engine: [Apache Tomcat/9.0.54]
[2023-03-29 19:43:37.928] [INFO ] [main] org.apache.catalina.core.ContainerBase.[Tomcat].[localhost].[/] Initializing Spring embedded WebApplicationContext
[2023-03-29 19:43:37.928] [INFO ] [main] org.springframework.boot.web.servlet.context.ServletWebServerApplicationContext Root WebApplicationContext: initialization completed in 735 ms
[2023-03-29 19:43:38.167] [INFO ] [main] springfox.documentation.spring.web.PropertySourcedRequestMappingHandlerMapping Mapped URL path [/v2/api-docs] onto method [springfox.documentation.swagger2.web.Swagger2Controller#getDocumentation(String, HttpServletRequest)]
[2023-03-29 19:43:38.285] [INFO ] [main] org.apache.coyote.http11.Http11NioProtocol Starting ProtocolHandler ["http-nio-8080"]
[2023-03-29 19:43:38.294] [INFO ] [main] org.springframework.boot.web.embedded.tomcat.TomcatWebServer Tomcat started on port(s): 8080 (http) with context path ''
[2023-03-29 19:43:38.295] [INFO ] [main] springfox.documentation.spring.web.plugins.DocumentationPluginsBootstrapper Context refreshed
[2023-03-29 19:43:38.303] [INFO ] [main] springfox.documentation.spring.web.plugins.DocumentationPluginsBootstrapper Found 1 custom documentation plugin(s)
[2023-03-29 19:43:38.318] [INFO ] [main] springfox.documentation.spring.web.scanners.ApiListingReferenceScanner Scanning for api listing references
[2023-03-29 19:43:38.443] [INFO ] [main] com.springboot.api.ApiApplication Started ApiApplication in 1.603 seconds (JVM running for 2.105)
[2023-03-29 19:43:50.657] [INFO ] [http-nio-8080-exec-2] org.apache.catalina.core.ContainerBase.[Tomcat].[localhost].[/] Initializing Spring DispatcherServlet 'dispatcherServlet'
[2023-03-29 19:43:50.658] [INFO ] [http-nio-8080-exec-2] org.springframework.web.servlet.DispatcherServlet Initializing Servlet 'dispatcherServlet'
[2023-03-29 19:43:50.659] [INFO ] [http-nio-8080-exec-2] org.springframework.web.servlet.DispatcherServlet Completed initialization in 1 ms
[2023-03-29 19:44:23.875] [INFO ] [main] com.springboot.api.ApiApplication Starting ApiApplication using Java 11.0.17 on KPC-012 with PID 12260 (C:\Users\HighTech\Desktop\chapter5_api\target\classes started by HighTech in C:\Users\HighTech\Desktop\chapter5_api)
[2023-03-29 19:44:23.877] [INFO ] [main] com.springboot.api.ApiApplication No active profile set, falling back to default profiles: default
[2023-03-29 19:44:24.546] [INFO ] [main] org.springframework.boot.web.embedded.tomcat.TomcatWebServer Tomcat initialized with port(s): 8080 (http)
[2023-03-29 19:44:24.550] [INFO ] [main] org.apache.coyote.http11.Http11NioProtocol Initializing ProtocolHandler ["http-nio-8080"]
[2023-03-29 19:44:24.551] [INFO ] [main] org.apache.catalina.core.StandardService Starting service [Tomcat]
[2023-03-29 19:44:24.551] [INFO ] [main] org.apache.catalina.core.StandardEngine Starting Servlet engine: [Apache Tomcat/9.0.54]
[2023-03-29 19:44:24.591] [INFO ] [main] org.apache.catalina.core.ContainerBase.[Tomcat].[localhost].[/] Initializing Spring embedded WebApplicationContext
[2023-03-29 19:44:24.591] [INFO ] [main] org.springframework.boot.web.servlet.context.ServletWebServerApplicationContext Root WebApplicationContext: initialization completed in 686 ms
[2023-03-29 19:44:24.822] [INFO ] [main] springfox.documentation.spring.web.PropertySourcedRequestMappingHandlerMapping Mapped URL path [/v2/api-docs] onto method [springfox.documentation.swagger2.web.Swagger2Controller#getDocumentation(String, HttpServletRequest)]
[2023-03-29 19:44:24.928] [INFO ] [main] org.apache.coyote.http11.Http11NioProtocol Starting ProtocolHandler ["http-nio-8080"]
[2023-03-29 19:44:24.938] [INFO ] [main] org.springframework.boot.web.embedded.tomcat.TomcatWebServer Tomcat started on port(s): 8080 (http) with context path ''
[2023-03-29 19:44:24.939] [INFO ] [main] springfox.documentation.spring.web.plugins.DocumentationPluginsBootstrapper Context refreshed
[2023-03-29 19:44:24.946] [INFO ] [main] springfox.documentation.spring.web.plugins.DocumentationPluginsBootstrapper Found 1 custom documentation plugin(s)
[2023-03-29 19:44:24.961] [INFO ] [main] springfox.documentation.spring.web.scanners.ApiListingReferenceScanner Scanning for api listing references
[2023-03-29 19:44:25.064] [INFO ] [main] com.springboot.api.ApiApplication Started ApiApplication in 1.495 seconds (JVM running for 1.956)
[2023-03-29 19:47:55.431] [INFO ] [http-nio-8080-exec-1] org.apache.catalina.core.ContainerBase.[Tomcat].[localhost].[/] Initializing Spring DispatcherServlet 'dispatcherServlet'
[2023-03-29 19:47:55.432] [INFO ] [http-nio-8080-exec-1] org.springframework.web.servlet.DispatcherServlet Initializing Servlet 'dispatcherServlet'
[2023-03-29 19:47:55.433] [INFO ] [http-nio-8080-exec-1] org.springframework.web.servlet.DispatcherServlet Completed initialization in 1 ms
[2023-03-29 19:53:21.208] [INFO ] [main] com.springboot.api.ApiApplication Starting ApiApplication using Java 11.0.17 on KPC-012 with PID 2264 (C:\Users\HighTech\Desktop\chapter5_api\target\classes started by HighTech in C:\Users\HighTech\Desktop\chapter5_api)
[2023-03-29 19:53:21.210] [INFO ] [main] com.springboot.api.ApiApplication No active profile set, falling back to default profiles: default
[2023-03-29 19:53:21.866] [INFO ] [main] org.springframework.boot.web.embedded.tomcat.TomcatWebServer Tomcat initialized with port(s): 8080 (http)
[2023-03-29 19:53:21.873] [INFO ] [main] org.apache.coyote.http11.Http11NioProtocol Initializing ProtocolHandler ["http-nio-8080"]
[2023-03-29 19:53:21.874] [INFO ] [main] org.apache.catalina.core.StandardService Starting service [Tomcat]
[2023-03-29 19:53:21.874] [INFO ] [main] org.apache.catalina.core.StandardEngine Starting Servlet engine: [Apache Tomcat/9.0.54]
[2023-03-29 19:53:21.920] [INFO ] [main] org.apache.catalina.core.ContainerBase.[Tomcat].[localhost].[/] Initializing Spring embedded WebApplicationContext
[2023-03-29 19:53:21.920] [INFO ] [main] org.springframework.boot.web.servlet.context.ServletWebServerApplicationContext Root WebApplicationContext: initialization completed in 680 ms
[2023-03-29 19:53:22.176] [INFO ] [main] springfox.documentation.spring.web.PropertySourcedRequestMappingHandlerMapping Mapped URL path [/v2/api-docs] onto method [springfox.documentation.swagger2.web.Swagger2Controller#getDocumentation(String, HttpServletRequest)]
[2023-03-29 19:53:22.283] [INFO ] [main] org.apache.coyote.http11.Http11NioProtocol Starting ProtocolHandler ["http-nio-8080"]
[2023-03-29 19:53:22.293] [INFO ] [main] org.springframework.boot.web.embedded.tomcat.TomcatWebServer Tomcat started on port(s): 8080 (http) with context path ''
[2023-03-29 19:53:22.294] [INFO ] [main] springfox.documentation.spring.web.plugins.DocumentationPluginsBootstrapper Context refreshed
[2023-03-29 19:53:22.302] [INFO ] [main] springfox.documentation.spring.web.plugins.DocumentationPluginsBootstrapper Found 1 custom documentation plugin(s)
[2023-03-29 19:53:22.315] [INFO ] [main] springfox.documentation.spring.web.scanners.ApiListingReferenceScanner Scanning for api listing references
[2023-03-29 19:53:22.428] [INFO ] [main] com.springboot.api.ApiApplication Started ApiApplication in 1.666 seconds (JVM running for 2.282)
[2023-03-29 19:53:27.349] [INFO ] [http-nio-8080-exec-1] org.apache.catalina.core.ContainerBase.[Tomcat].[localhost].[/] Initializing Spring DispatcherServlet 'dispatcherServlet'
[2023-03-29 19:53:27.350] [INFO ] [http-nio-8080-exec-1] org.springframework.web.servlet.DispatcherServlet Initializing Servlet 'dispatcherServlet'
[2023-03-29 19:53:27.351] [INFO ] [http-nio-8080-exec-1] org.springframework.web.servlet.DispatcherServlet Completed initialization in 1 ms
